prj_blueTooth/bluetooth_APP/app/build/outputs/logs/manifest-merger-release-report.txt
-- Merging decision tree log ---
manifest
ADDED from src\main\AndroidManifest.xml:2:1-538:12
INJECTED from src\main\AndroidManifest.xml:2:1-538:12
INJECTED from src\main\AndroidManifest.xml:2:1-538:12
INJECTED from src\main\AndroidManifest.xml:2:1-538:12
MERGED from [amap-libs-release.aar] AndroidManifest.xml:2:1-11:12
MERGED from [aps-dhPush-release.aar] AndroidManifest.xml:2:1-11:12
MERGED from [aps-igexin-release.aar] AndroidManifest.xml:2:1-11:12
MERGED from [aps-release.aar] AndroidManifest.xml:2:1-15:12
MERGED from [aps-xiaomi-release.aar] AndroidManifest.xml:2:1-11:12
MERGED from [audio-mp3aac-release.aar] AndroidManifest.xml:2:1-9:12
MERGED from [baidu-libs-release.aar] AndroidManifest.xml:2:1-10:12
MERGED from [Bluetooth-release.aar] AndroidManifest.xml:2:1-11:12
MERGED from [contacts-release.aar] AndroidManifest.xml:2:1-11:12
MERGED from [fingerprint-release.aar] AndroidManifest.xml:2:1-13:12
MERGED from [gallery-dmcBig-release.aar] AndroidManifest.xml:2:1-22:12
MERGED from [geolocation-amap-release.aar] AndroidManifest.xml:2:1-11:12
MERGED from [geolocation-baidu-release.aar] AndroidManifest.xml:2:1-11:12
MERGED from [iBeacon-release.aar] AndroidManifest.xml:2:1-11:12
MERGED from [lib.5plus.base-release.aar] AndroidManifest.xml:2:1-237:12
MERGED from [map-amap-release.aar] AndroidManifest.xml:2:1-12:12
MERGED from [map-baidu-release.aar] AndroidManifest.xml:2:1-12:12
MERGED from [media-livepusher-release.aar] AndroidManifest.xml:2:1-11:12
MERGED from [media-release.aar] AndroidManifest.xml:2:1-11:12
MERGED from [messaging-release.aar] AndroidManifest.xml:2:1-11:12
MERGED from [oauth-miui-release.aar] AndroidManifest.xml:2:1-11:12
MERGED from [oauth-qq-release.aar] AndroidManifest.xml:2:1-11:12
MERGED from [oauth-sina-release.aar] AndroidManifest.xml:2:1-11:12
MERGED from [oauth-weixin-release.aar] AndroidManifest.xml:2:1-11:12
MERGED from [payment-alipay-release.aar] AndroidManifest.xml:2:1-11:12
MERGED from [payment-weixin-release.aar] AndroidManifest.xml:2:1-11:12
MERGED from [share-qq-release.aar] AndroidManifest.xml:2:1-11:12
MERGED from [share-sina-release.aar] AndroidManifest.xml:2:1-11:12
MERGED from [share-tencent-release.aar] AndroidManifest.xml:2:1-11:12
MERGED from [share-weixin-release.aar] AndroidManifest.xml:2:1-11:12
MERGED from [sina-libs-release.aar] AndroidManifest.xml:2:1-11:12
MERGED from [speech-release.aar] AndroidManifest.xml:2:1-9:12
MERGED from [speech_baidu-release.aar] AndroidManifest.xml:2:1-11:12
MERGED from [speech_ifly-release.aar] AndroidManifest.xml:2:1-12:12
MERGED from [sqlite-release.aar] AndroidManifest.xml:2:1-9:12
MERGED from [statistics-umeng-release.aar] AndroidManifest.xml:2:1-11:12
MERGED from [uniapp-release.aar] AndroidManifest.xml:20:1-37:12
MERGED from [com.android.support:appcompat-v7:26.1.0] AndroidManifest.xml:17:1-31:12
MERGED from [com.android.support.constraint:constraint-layout:1.1.3] AndroidManifest.xml:2:1-11:12
MERGED from [com.android.support:recyclerview-v7:26.1.0] AndroidManifest.xml:17:1-28:12
MERGED from [com.alibaba.android:bindingx-core:1.0.3] AndroidManifest.xml:2:1-11:12
MERGED from [com.alibaba.android:bindingx_weex_plugin:1.0.3] AndroidManifest.xml:2:1-21:12
MERGED from [com.facebook.fresco:fresco:1.13.0] AndroidManifest.xml:2:1-9:12
MERGED from [com.facebook.fresco:animated-gif:1.13.0] AndroidManifest.xml:2:1-9:12
MERGED from [com.github.bumptech.glide:glide:4.9.0] AndroidManifest.xml:2:1-12:12
MERGED from [com.android.support:multidex:1.0.2] AndroidManifest.xml:17:1-22:12
MERGED from [com.github.bumptech.glide:gifdecoder:4.9.0] AndroidManifest.xml:2:1-11:12
MERGED from [com.android.support:support-v4:26.1.0] AndroidManifest.xml:17:1-31:12
MERGED from [com.android.support:support-fragment:27.1.1] AndroidManifest.xml:17:1-22:12
MERGED from [com.android.support:support-media-compat:26.1.0] AndroidManifest.xml:17:1-31:12
MERGED from [com.android.support:animated-vector-drawable:27.1.1] AndroidManifest.xml:17:1-22:12
MERGED from [com.android.support:support-vector-drawable:27.1.1] AndroidManifest.xml:17:1-22:12
MERGED from [com.android.support:support-core-ui:27.1.1] AndroidManifest.xml:17:1-22:12
MERGED from [com.android.support:support-core-utils:27.1.1] AndroidManifest.xml:17:1-22:12
MERGED from [com.android.support:support-compat:27.1.1] AndroidManifest.xml:17:1-22:12
MERGED from [com.facebook.fresco:animated-base:1.13.0] AndroidManifest.xml:2:1-9:12
MERGED from [com.facebook.fresco:animated-drawable:1.13.0] AndroidManifest.xml:2:1-9:12
MERGED from [com.facebook.fresco:drawee:1.13.0] AndroidManifest.xml:2:1-9:12
MERGED from [com.facebook.fresco:nativeimagefilters:1.13.0] AndroidManifest.xml:2:1-9:12
MERGED from [com.facebook.fresco:imagepipeline:1.13.0] AndroidManifest.xml:2:1-9:12
MERGED from [com.facebook.fresco:nativeimagetranscoder:1.13.0] AndroidManifest.xml:2:1-9:12
MERGED from [com.facebook.fresco:imagepipeline-base:1.13.0] AndroidManifest.xml:2:1-9:12
MERGED from [com.facebook.fresco:fbcore:1.13.0] AndroidManifest.xml:2:1-9:12
MERGED from [com.facebook.soloader:soloader:0.6.0] AndroidManifest.xml:2:1-13:12
MERGED from [android.arch.lifecycle:runtime:1.1.0] AndroidManifest.xml:17:1-22:12
MERGED from [android.arch.lifecycle:livedata-core:1.1.0] AndroidManifest.xml:17:1-22:12
MERGED from [android.arch.lifecycle:viewmodel:1.1.0] AndroidManifest.xml:17:1-22:12
MERGED from [android.arch.core:runtime:1.1.0] AndroidManifest.xml:17:1-22:12
INJECTED from src\main\AndroidManifest.xml:2:1-538:12
INJECTED from src\main\AndroidManifest.xml:2:1-538:12
INJECTED from src\main\AndroidManifest.xml:2:1-538:12
	package
		ADDED from src\main\AndroidManifest.xml:3:5-37
		INJECTED from src\main\AndroidManifest.xml
		INJECTED from src\main\AndroidManifest.xml
	android:versionName
		INJECTED from src\main\AndroidManifest.xml
		ADDED from src\main\AndroidManifest.xml:2:1-538:12
		INJECTED from src\main\AndroidManifest.xml
	android:versionCode
		INJECTED from src\main\AndroidManifest.xml
		ADDED from src\main\AndroidManifest.xml:2:1-538:12
		INJECTED from src\main\AndroidManifest.xml
	xmlns:android
		ADDED from src\main\AndroidManifest.xml:2:11-69
supports-screens
ADDED from src\main\AndroidManifest.xml:5:5-10:39
MERGED from [lib.5plus.base-release.aar] AndroidManifest.xml:9:5-14:39
MERGED from [lib.5plus.base-release.aar] AndroidManifest.xml:9:5-14:39
	android:largeScreens
		ADDED from src\main\AndroidManifest.xml:7:9-36
	android:smallScreens
		ADDED from src\main\AndroidManifest.xml:10:9-36
	android:normalScreens
		ADDED from src\main\AndroidManifest.xml:8:9-37
	android:resizeable
		ADDED from src\main\AndroidManifest.xml:9:9-34
	android:anyDensity
		ADDED from src\main\AndroidManifest.xml:6:9-34
uses-permission#android.permission.INTERNET
ADDED from src\main\AndroidManifest.xml:11:5-66
MERGED from [lib.5plus.base-release.aar] AndroidManifest.xml:17:5-67
MERGED from [lib.5plus.base-release.aar] AndroidManifest.xml:17:5-67
	android:name
		ADDED from src\main\AndroidManifest.xml:11:22-64
uses-permission#android.permission.CAMERA
ADDED from src\main\AndroidManifest.xml:14:5-65
	android:name
		ADDED from src\main\AndroidManifest.xml:14:22-62
uses-permission#android.permission.WRITE_EXTERNAL_STORAGE
ADDED from src\main\AndroidManifest.xml:15:5-81
MERGED from [lib.5plus.base-release.aar] AndroidManifest.xml:16:5-81
MERGED from [lib.5plus.base-release.aar] AndroidManifest.xml:16:5-81
	android:name
		ADDED from src\main\AndroidManifest.xml:15:22-78
uses-feature#android.hardware.camera
ADDED from src\main\AndroidManifest.xml:17:5-60
	android:name
		ADDED from src\main\AndroidManifest.xml:17:19-57
uses-feature#android.hardware.camera.autofocus
ADDED from src\main\AndroidManifest.xml:18:5-70
	android:name
		ADDED from src\main\AndroidManifest.xml:18:19-67
uses-permission#android.permission.VIBRATE
ADDED from src\main\AndroidManifest.xml:20:5-66
	android:name
		ADDED from src\main\AndroidManifest.xml:20:22-63
uses-permission#android.permission.FLASHLIGHT
ADDED from src\main\AndroidManifest.xml:21:5-69
	android:name
		ADDED from src\main\AndroidManifest.xml:21:22-66
uses-permission#android.permission.ACCESS_COARSE_LOCATION
ADDED from src\main\AndroidManifest.xml:25:5-81
	android:name
		ADDED from src\main\AndroidManifest.xml:25:22-78
uses-permission#android.permission.ACCESS_FINE_LOCATION
ADDED from src\main\AndroidManifest.xml:26:5-79
	android:name
		ADDED from src\main\AndroidManifest.xml:26:22-76
uses-permission#android.permission.BLUETOOTH_ADMIN
ADDED from src\main\AndroidManifest.xml:27:5-74
	android:name
		ADDED from src\main\AndroidManifest.xml:27:22-71
uses-permission#android.permission.BLUETOOTH
ADDED from src\main\AndroidManifest.xml:28:5-68
	android:name
		ADDED from src\main\AndroidManifest.xml:28:22-65
uses-permission#android.permission.USE_FINGERPRINT
ADDED from src\main\AndroidManifest.xml:30:5-73
MERGED from [fingerprint-release.aar] AndroidManifest.xml:9:5-74
MERGED from [fingerprint-release.aar] AndroidManifest.xml:9:5-74
	android:name
		ADDED from src\main\AndroidManifest.xml:30:22-71
uses-permission#android.permission.WRITE_SETTINGS
ADDED from src\main\AndroidManifest.xml:37:5-73
	android:name
		ADDED from src\main\AndroidManifest.xml:37:22-70
uses-permission#android.permission.ACCESS_NETWORK_STATE
ADDED from src\main\AndroidManifest.xml:38:5-79
MERGED from [lib.5plus.base-release.aar] AndroidManifest.xml:18:5-79
MERGED from [lib.5plus.base-release.aar] AndroidManifest.xml:18:5-79
	android:name
		ADDED from src\main\AndroidManifest.xml:38:22-76
uses-permission#android.permission.CHANGE_WIFI_STATE
ADDED from src\main\AndroidManifest.xml:39:5-76
	android:name
		ADDED from src\main\AndroidManifest.xml:39:22-73
uses-permission#android.permission.READ_PHONE_STATE
ADDED from src\main\AndroidManifest.xml:40:5-75
	android:name
		ADDED from src\main\AndroidManifest.xml:40:22-72
uses-permission#android.permission.MOUNT_UNMOUNT_FILESYSTEMS
ADDED from src\main\AndroidManifest.xml:41:5-84
	android:name
		ADDED from src\main\AndroidManifest.xml:41:22-81
uses-permission#android.permission.READ_LOGS
ADDED from src\main\AndroidManifest.xml:42:5-68
	android:name
		ADDED from src\main\AndroidManifest.xml:42:22-65
uses-permission#android.permission.WAKE_LOCK
ADDED from src\main\AndroidManifest.xml:78:5-68
	android:name
		ADDED from src\main\AndroidManifest.xml:78:22-65
uses-permission#android.permission.RECEIVE_BOOT_COMPLETED
ADDED from src\main\AndroidManifest.xml:79:5-81
	android:name
		ADDED from src\main\AndroidManifest.xml:79:22-78
uses-permission#android.permission.ACCESS_WIFI_STATE
ADDED from src\main\AndroidManifest.xml:82:5-76
	android:name
		ADDED from src\main\AndroidManifest.xml:82:22-73
uses-permission#android.permission.CALL_PHONE
ADDED from src\main\AndroidManifest.xml:83:5-69
	android:name
		ADDED from src\main\AndroidManifest.xml:83:22-66
uses-permission#getui.permission.GetuiService.com.HBuilder.integrate
ADDED from src\main\AndroidManifest.xml:84:5-92
	android:name
		ADDED from src\main\AndroidManifest.xml:84:22-89
permission#getui.permission.GetuiService.com.HBuilder.integrate
ADDED from src\main\AndroidManifest.xml:86:5-88:44
	android:protectionLevel
		ADDED from src\main\AndroidManifest.xml:88:9-41
	android:name
		ADDED from src\main\AndroidManifest.xml:87:9-76
uses-permission#android.permission.ACCESS_MOCK_LOCATION
ADDED from src\main\AndroidManifest.xml:103:5-79
	android:name
		ADDED from src\main\AndroidManifest.xml:103:22-76
uses-permission#android.permission.MODIFY_AUDIO_SETTINGS
ADDED from src\main\AndroidManifest.xml:105:5-80
	android:name
		ADDED from src\main\AndroidManifest.xml:105:22-77
uses-permission#android.permission.RECORD_AUDIO
ADDED from src\main\AndroidManifest.xml:113:5-71
	android:name
		ADDED from src\main\AndroidManifest.xml:113:22-68
uses-permission#android.permission.CHANGE_NETWORK_STATE
ADDED from src\main\AndroidManifest.xml:116:5-79
	android:name
		ADDED from src\main\AndroidManifest.xml:116:22-76
uses-permission#android.permission.RECEIVE_USER_PRESENT
ADDED from src\main\AndroidManifest.xml:125:5-79
	android:name
		ADDED from src\main\AndroidManifest.xml:125:22-76
uses-permission#com.xiaomi.permission.AUTH_SERVICE
ADDED from src\main\AndroidManifest.xml:130:5-74
	android:name
		ADDED from src\main\AndroidManifest.xml:130:22-71
application
ADDED from src\main\AndroidManifest.xml:133:5-536:19
MERGED from [amap-libs-release.aar] AndroidManifest.xml:9:5-20
MERGED from [amap-libs-release.aar] AndroidManifest.xml:9:5-20
MERGED from [aps-dhPush-release.aar] AndroidManifest.xml:9:5-20
MERGED from [aps-dhPush-release.aar] AndroidManifest.xml:9:5-20
MERGED from [aps-igexin-release.aar] AndroidManifest.xml:9:5-20
MERGED from [aps-igexin-release.aar] AndroidManifest.xml:9:5-20
MERGED from [aps-release.aar] AndroidManifest.xml:9:5-13:19
MERGED from [aps-release.aar] AndroidManifest.xml:9:5-13:19
MERGED from [aps-xiaomi-release.aar] AndroidManifest.xml:9:5-20
MERGED from [aps-xiaomi-release.aar] AndroidManifest.xml:9:5-20
MERGED from [audio-mp3aac-release.aar] AndroidManifest.xml:7:5-20
MERGED from [audio-mp3aac-release.aar] AndroidManifest.xml:7:5-20
MERGED from [baidu-libs-release.aar] AndroidManifest.xml:8:5-20
MERGED from [baidu-libs-release.aar] AndroidManifest.xml:8:5-20
MERGED from [Bluetooth-release.aar] AndroidManifest.xml:9:5-20
MERGED from [Bluetooth-release.aar] AndroidManifest.xml:9:5-20
MERGED from [contacts-release.aar] AndroidManifest.xml:9:5-20
MERGED from [contacts-release.aar] AndroidManifest.xml:9:5-20
MERGED from [fingerprint-release.aar] AndroidManifest.xml:11:5-20
MERGED from [fingerprint-release.aar] AndroidManifest.xml:11:5-20
MERGED from [gallery-dmcBig-release.aar] AndroidManifest.xml:9:5-20:19
MERGED from [gallery-dmcBig-release.aar] AndroidManifest.xml:9:5-20:19
MERGED from [geolocation-amap-release.aar] AndroidManifest.xml:9:5-20
MERGED from [geolocation-amap-release.aar] AndroidManifest.xml:9:5-20
MERGED from [geolocation-baidu-release.aar] AndroidManifest.xml:9:5-20
MERGED from [geolocation-baidu-release.aar] AndroidManifest.xml:9:5-20
MERGED from [iBeacon-release.aar] AndroidManifest.xml:9:5-20
MERGED from [iBeacon-release.aar] AndroidManifest.xml:9:5-20
MERGED from [lib.5plus.base-release.aar] AndroidManifest.xml:58:5-235:19
MERGED from [lib.5plus.base-release.aar] AndroidManifest.xml:58:5-235:19
MERGED from [map-amap-release.aar] AndroidManifest.xml:9:5-10:19
MERGED from [map-amap-release.aar] AndroidManifest.xml:9:5-10:19
MERGED from [map-baidu-release.aar] AndroidManifest.xml:9:5-10:19
MERGED from [map-baidu-release.aar] AndroidManifest.xml:9:5-10:19
MERGED from [media-livepusher-release.aar] AndroidManifest.xml:9:5-20
MERGED from [media-livepusher-release.aar] AndroidManifest.xml:9:5-20
MERGED from [media-release.aar] AndroidManifest.xml:9:5-20
MERGED from [media-release.aar] AndroidManifest.xml:9:5-20
MERGED from [messaging-release.aar] AndroidManifest.xml:9:5-20
MERGED from [messaging-release.aar] AndroidManifest.xml:9:5-20
MERGED from [oauth-miui-release.aar] AndroidManifest.xml:9:5-20
MERGED from [oauth-miui-release.aar] AndroidManifest.xml:9:5-20
MERGED from [oauth-qq-release.aar] AndroidManifest.xml:9:5-20
MERGED from [oauth-qq-release.aar] AndroidManifest.xml:9:5-20
MERGED from [oauth-sina-release.aar] AndroidManifest.xml:9:5-20
MERGED from [oauth-sina-release.aar] AndroidManifest.xml:9:5-20
MERGED from [oauth-weixin-release.aar] AndroidManifest.xml:9:5-20
MERGED from [oauth-weixin-release.aar] AndroidManifest.xml:9:5-20
MERGED from [payment-alipay-release.aar] AndroidManifest.xml:9:5-20
MERGED from [payment-alipay-release.aar] AndroidManifest.xml:9:5-20
MERGED from [payment-weixin-release.aar] AndroidManifest.xml:9:5-20
MERGED from [payment-weixin-release.aar] AndroidManifest.xml:9:5-20
MERGED from [share-qq-release.aar] AndroidManifest.xml:9:5-20
MERGED from [share-qq-release.aar] AndroidManifest.xml:9:5-20
MERGED from [share-sina-release.aar] AndroidManifest.xml:9:5-20
MERGED from [share-sina-release.aar] AndroidManifest.xml:9:5-20
MERGED from [share-tencent-release.aar] AndroidManifest.xml:9:5-20
MERGED from [share-tencent-release.aar] AndroidManifest.xml:9:5-20
MERGED from [share-weixin-release.aar] AndroidManifest.xml:9:5-20
MERGED from [share-weixin-release.aar] AndroidManifest.xml:9:5-20
MERGED from [sina-libs-release.aar] AndroidManifest.xml:9:5-20
MERGED from [sina-libs-release.aar] AndroidManifest.xml:9:5-20
MERGED from [speech-release.aar] AndroidManifest.xml:7:5-20
MERGED from [speech-release.aar] AndroidManifest.xml:7:5-20
MERGED from [speech_baidu-release.aar] AndroidManifest.xml:9:5-20
MERGED from [speech_baidu-release.aar] AndroidManifest.xml:9:5-20
MERGED from [speech_ifly-release.aar] AndroidManifest.xml:9:5-10:19
MERGED from [speech_ifly-release.aar] AndroidManifest.xml:9:5-10:19
MERGED from [statistics-umeng-release.aar] AndroidManifest.xml:9:5-20
MERGED from [statistics-umeng-release.aar] AndroidManifest.xml:9:5-20
MERGED from [uniapp-release.aar] AndroidManifest.xml:29:5-35:19
MERGED from [uniapp-release.aar] AndroidManifest.xml:29:5-35:19
MERGED from [com.android.support:appcompat-v7:26.1.0] AndroidManifest.xml:25:5-29:19
MERGED from [com.android.support:appcompat-v7:26.1.0] AndroidManifest.xml:25:5-29:19
MERGED from [com.android.support.constraint:constraint-layout:1.1.3] AndroidManifest.xml:9:5-20
MERGED from [com.android.support.constraint:constraint-layout:1.1.3] AndroidManifest.xml:9:5-20
MERGED from [com.android.support:recyclerview-v7:26.1.0] AndroidManifest.xml:22:5-26:19
MERGED from [com.android.support:recyclerview-v7:26.1.0] AndroidManifest.xml:22:5-26:19
MERGED from [com.alibaba.android:bindingx_weex_plugin:1.0.3] AndroidManifest.xml:9:5-19:19
MERGED from [com.alibaba.android:bindingx_weex_plugin:1.0.3] AndroidManifest.xml:9:5-19:19
MERGED from [com.github.bumptech.glide:glide:4.9.0] AndroidManifest.xml:10:5-20
MERGED from [com.github.bumptech.glide:glide:4.9.0] AndroidManifest.xml:10:5-20
MERGED from [com.github.bumptech.glide:gifdecoder:4.9.0] AndroidManifest.xml:9:5-20
MERGED from [com.github.bumptech.glide:gifdecoder:4.9.0] AndroidManifest.xml:9:5-20
MERGED from [com.android.support:support-v4:26.1.0] AndroidManifest.xml:25:5-29:19
MERGED from [com.android.support:support-v4:26.1.0] AndroidManifest.xml:25:5-29:19
MERGED from [com.android.support:support-media-compat:26.1.0] AndroidManifest.xml:25:5-29:19
MERGED from [com.android.support:support-media-compat:26.1.0] AndroidManifest.xml:25:5-29:19
MERGED from [com.facebook.soloader:soloader:0.6.0] AndroidManifest.xml:11:5-20
MERGED from [com.facebook.soloader:soloader:0.6.0] AndroidManifest.xml:11:5-20
	android:supportsRtl
		ADDED from src\main\AndroidManifest.xml:140:9-35
	android:label
		ADDED from src\main\AndroidManifest.xml:138:9-41
	android:allowClearUserData
		ADDED from src\main\AndroidManifest.xml:136:9-42
	android:largeHeap
		ADDED from src\main\AndroidManifest.xml:139:9-33
	android:icon
		ADDED from src\main\AndroidManifest.xml:137:9-38
	android:allowBackup
		ADDED from src\main\AndroidManifest.xml:135:9-35
	android:usesCleartextTraffic
		ADDED from [lib.5plus.base-release.aar] AndroidManifest.xml:61:9-44
	android:name
		ADDED from src\main\AndroidManifest.xml:134:9-63
meta-data#UMENG_APPKEY
ADDED from src\main\AndroidManifest.xml:147:9-149:46
	android:value
		ADDED from src\main\AndroidManifest.xml:149:13-43
	android:name
		ADDED from src\main\AndroidManifest.xml:148:13-40
meta-data#UMENG_CHANNEL
ADDED from src\main\AndroidManifest.xml:150:9-152:42
	android:value
		ADDED from src\main\AndroidManifest.xml:152:13-39
	android:name
		ADDED from src\main\AndroidManifest.xml:151:13-41
meta-data#com.baidu.lbsapi.API_KEY
ADDED from src\main\AndroidManifest.xml:158:9-160:55
	android:value
		ADDED from src\main\AndroidManifest.xml:160:13-53
	android:name
		ADDED from src\main\AndroidManifest.xml:159:13-52
service#com.baidu.location.f
ADDED from src\main\AndroidManifest.xml:162:9-165:40
	android:process
		ADDED from src\main\AndroidManifest.xml:165:13-38
	android:enabled
		ADDED from src\main\AndroidManifest.xml:164:13-35
	android:name
		ADDED from src\main\AndroidManifest.xml:163:13-48
meta-data#QQ_APPID
ADDED from src\main\AndroidManifest.xml:172:9-174:39
	android:value
		ADDED from src\main\AndroidManifest.xml:174:13-36
	android:name
		ADDED from src\main\AndroidManifest.xml:173:13-36
provider#io.dcloud.common.util.DCloud_FileProvider
ADDED from src\main\AndroidManifest.xml:175:9-183:20
	android:grantUriPermissions
		ADDED from src\main\AndroidManifest.xml:179:13-47
	android:authorities
		ADDED from src\main\AndroidManifest.xml:177:13-73
	android:exported
		ADDED from src\main\AndroidManifest.xml:178:13-37
	android:name
		ADDED from src\main\AndroidManifest.xml:176:13-69
meta-data#android.support.FILE_PROVIDER_PATHS
ADDED from src\main\AndroidManifest.xml:180:13-182:64
	android:resource
		ADDED from src\main\AndroidManifest.xml:182:17-61
	android:name
		ADDED from src\main\AndroidManifest.xml:181:17-67
activity#com.tencent.tauth.AuthActivity
ADDED from src\main\AndroidManifest.xml:184:9-196:20
	android:launchMode
		ADDED from src\main\AndroidManifest.xml:186:13-44
	android:noHistory
		ADDED from src\main\AndroidManifest.xml:187:13-37
	android:name
		ADDED from src\main\AndroidManifest.xml:185:13-58
intent-filter#action:name:android.intent.action.VIEW+category:name:android.intent.category.BROWSABLE+category:name:android.intent.category.DEFAULT+data:scheme:%appid%
ADDED from src\main\AndroidManifest.xml:188:13-195:29
action#android.intent.action.VIEW
ADDED from src\main\AndroidManifest.xml:189:17-69
	android:name
		ADDED from src\main\AndroidManifest.xml:189:25-66
category#android.intent.category.DEFAULT
ADDED from src\main\AndroidManifest.xml:191:17-76
	android:name
		ADDED from src\main\AndroidManifest.xml:191:27-73
category#android.intent.category.BROWSABLE
ADDED from src\main\AndroidManifest.xml:192:17-78
	android:name
		ADDED from src\main\AndroidManifest.xml:192:27-75
data
ADDED from src\main\AndroidManifest.xml:194:17-50
	android:scheme
		ADDED from src\main\AndroidManifest.xml:194:23-47
activity#com.tencent.connect.common.AssistActivity
ADDED from src\main\AndroidManifest.xml:197:9-200:75
	android:screenOrientation
		ADDED from src\main\AndroidManifest.xml:199:13-49
	android:theme
		ADDED from src\main\AndroidManifest.xml:200:13-72
	android:name
		ADDED from src\main\AndroidManifest.xml:198:13-69
meta-data#IFLY_APPKEY
ADDED from src\main\AndroidManifest.xml:214:9-216:40
	android:value
		ADDED from src\main\AndroidManifest.xml:216:13-37
	android:name
		ADDED from src\main\AndroidManifest.xml:215:13-39
meta-data#PUSH_APPID
ADDED from src\main\AndroidManifest.xml:226:9-228:54
	android:value
		ADDED from src\main\AndroidManifest.xml:228:13-51
	android:name
		ADDED from src\main\AndroidManifest.xml:227:13-38
meta-data#PUSH_APPKEY
ADDED from src\main\AndroidManifest.xml:229:9-231:54
	android:value
		ADDED from src\main\AndroidManifest.xml:231:13-51
	android:name
		ADDED from src\main\AndroidManifest.xml:230:13-39
meta-data#PUSH_APPSECRET
ADDED from src\main\AndroidManifest.xml:232:9-234:54
	android:value
		ADDED from src\main\AndroidManifest.xml:234:13-51
	android:name
		ADDED from src\main\AndroidManifest.xml:233:13-42
service#com.igexin.sdk.PushService
ADDED from src\main\AndroidManifest.xml:236:9-244:19
	android:process
		ADDED from src\main\AndroidManifest.xml:240:13-43
	android:label
		ADDED from src\main\AndroidManifest.xml:239:13-47
	android:exported
		ADDED from src\main\AndroidManifest.xml:238:13-36
	android:name
		ADDED from src\main\AndroidManifest.xml:237:13-54
intent-filter#action:name:com.igexin.sdk.action.service.message
ADDED from src\main\AndroidManifest.xml:241:13-243:29
action#com.igexin.sdk.action.service.message
ADDED from src\main\AndroidManifest.xml:242:17-80
	android:name
		ADDED from src\main\AndroidManifest.xml:242:25-77
receiver#com.igexin.sdk.PushReceiver
ADDED from src\main\AndroidManifest.xml:246:9-256:20
	android:name
		ADDED from src\main\AndroidManifest.xml:246:19-61
intent-filter#action:name:android.intent.action.ACTION_POWER_CONNECTED+action:name:android.intent.action.ACTION_POWER_DISCONNECTED+action:name:android.intent.action.BOOT_COMPLETED+action:name:android.intent.action.MEDIA_MOUNTED+action:name:android.intent.action.USER_PRESENT+action:name:android.net.conn.CONNECTIVITY_CHANGE+action:name:com.igexin.sdk.action.refreshls
ADDED from src\main\AndroidManifest.xml:247:13-255:29
action#android.intent.action.BOOT_COMPLETED
ADDED from src\main\AndroidManifest.xml:248:17-79
	android:name
		ADDED from src\main\AndroidManifest.xml:248:25-76
action#android.net.conn.CONNECTIVITY_CHANGE
ADDED from src\main\AndroidManifest.xml:249:17-79
	android:name
		ADDED from src\main\AndroidManifest.xml:249:25-76
action#android.intent.action.USER_PRESENT
ADDED from src\main\AndroidManifest.xml:250:17-77
	android:name
		ADDED from src\main\AndroidManifest.xml:250:25-74
action#com.igexin.sdk.action.refreshls
ADDED from src\main\AndroidManifest.xml:251:17-74
	android:name
		ADDED from src\main\AndroidManifest.xml:251:25-71
action#android.intent.action.MEDIA_MOUNTED
ADDED from src\main\AndroidManifest.xml:252:17-78
	android:name
		ADDED from src\main\AndroidManifest.xml:252:25-75
action#android.intent.action.ACTION_POWER_CONNECTED
ADDED from src\main\AndroidManifest.xml:253:17-87
	android:name
		ADDED from src\main\AndroidManifest.xml:253:25-84
action#android.intent.action.ACTION_POWER_DISCONNECTED
ADDED from src\main\AndroidManifest.xml:254:17-90
	android:name
		ADDED from src\main\AndroidManifest.xml:254:25-87
activity#com.igexin.sdk.PushActivity
ADDED from src\main\AndroidManifest.xml:258:9-264:75
	android:process
		ADDED from src\main\AndroidManifest.xml:262:13-43
	android:excludeFromRecents
		ADDED from src\main\AndroidManifest.xml:260:13-46
	android:exported
		ADDED from src\main\AndroidManifest.xml:261:13-37
	android:theme
		ADDED from src\main\AndroidManifest.xml:264:13-72
	android:taskAffinity
		ADDED from src\main\AndroidManifest.xml:263:13-67
	android:name
		ADDED from src\main\AndroidManifest.xml:259:13-55
activity#com.igexin.sdk.GActivity
ADDED from src\main\AndroidManifest.xml:265:9-271:75
	android:process
		ADDED from src\main\AndroidManifest.xml:269:13-43
	android:excludeFromRecents
		ADDED from src\main\AndroidManifest.xml:267:13-46
	android:exported
		ADDED from src\main\AndroidManifest.xml:268:13-36
	android:theme
		ADDED from src\main\AndroidManifest.xml:271:13-72
	android:taskAffinity
		ADDED from src\main\AndroidManifest.xml:270:13-67
	android:name
		ADDED from src\main\AndroidManifest.xml:266:13-52
receiver#io.dcloud.feature.apsGt.GTNotificationReceiver
ADDED from src\main\AndroidManifest.xml:273:9-281:20
	android:name
		ADDED from src\main\AndroidManifest.xml:273:19-80
intent-filter#action:name:android.intent.action.BOOT_COMPLETED+action:name:com.HBuilder.integrate.__CLEAR_NOTIFICATION+action:name:com.HBuilder.integrate.__CLILK_NOTIFICATION+action:name:com.HBuilder.integrate.__CREATE_NOTIFICATION+action:name:com.HBuilder.integrate.__REMOVE_NOTIFICATION
ADDED from src\main\AndroidManifest.xml:274:13-280:29
action#com.HBuilder.integrate.__CREATE_NOTIFICATION
ADDED from src\main\AndroidManifest.xml:276:17-87
	android:name
		ADDED from src\main\AndroidManifest.xml:276:25-84
action#com.HBuilder.integrate.__REMOVE_NOTIFICATION
ADDED from src\main\AndroidManifest.xml:277:17-87
	android:name
		ADDED from src\main\AndroidManifest.xml:277:25-84
action#com.HBuilder.integrate.__CLEAR_NOTIFICATION
ADDED from src\main\AndroidManifest.xml:278:17-86
	android:name
		ADDED from src\main\AndroidManifest.xml:278:25-83
action#com.HBuilder.integrate.__CLILK_NOTIFICATION
ADDED from src\main\AndroidManifest.xml:279:17-86
	android:name
		ADDED from src\main\AndroidManifest.xml:279:25-83
service#io.dcloud.feature.apsGt.GTNormalIntentService
ADDED from src\main\AndroidManifest.xml:282:9-283:75
	android:name
		ADDED from src\main\AndroidManifest.xml:283:13-73
service#io.dcloud.feature.apsGt.GTNormalPushService
ADDED from src\main\AndroidManifest.xml:284:9-288:54
	android:process
		ADDED from src\main\AndroidManifest.xml:288:13-43
	android:label
		ADDED from src\main\AndroidManifest.xml:287:13-40
	android:exported
		ADDED from src\main\AndroidManifest.xml:286:13-36
	android:name
		ADDED from src\main\AndroidManifest.xml:285:13-71
meta-data#SINA_REDIRECT_URI
ADDED from src\main\AndroidManifest.xml:296:9-298:53
	android:value
		ADDED from src\main\AndroidManifest.xml:298:13-50
	android:name
		ADDED from src\main\AndroidManifest.xml:297:13-45
meta-data#SINA_SECRET
ADDED from src\main\AndroidManifest.xml:299:9-301:53
	android:value
		ADDED from src\main\AndroidManifest.xml:301:13-50
	android:name
		ADDED from src\main\AndroidManifest.xml:300:13-39
meta-data#SINA_APPKEY
ADDED from src\main\AndroidManifest.xml:302:9-304:65
	android:value
		ADDED from src\main\AndroidManifest.xml:304:13-62
	android:name
		ADDED from src\main\AndroidManifest.xml:303:13-39
activity#com.sina.weibo.sdk.web.WeiboSdkWebActivity
ADDED from src\main\AndroidManifest.xml:306:9-310:67
	android:windowSoftInputMode
		ADDED from src\main\AndroidManifest.xml:310:13-55
	android:exported
		ADDED from src\main\AndroidManifest.xml:309:13-37
	android:configChanges
		ADDED from src\main\AndroidManifest.xml:308:13-63
	android:name
		ADDED from src\main\AndroidManifest.xml:307:13-70
activity#com.sina.weibo.sdk.share.WbShareTransActivity
ADDED from src\main\AndroidManifest.xml:311:9-320:20
	android:launchMode
		ADDED from src\main\AndroidManifest.xml:313:13-44
	android:theme
		ADDED from src\main\AndroidManifest.xml:314:13-83
	android:name
		ADDED from src\main\AndroidManifest.xml:312:13-73
intent-filter#action:name:com.sina.weibo.sdk.action.ACTION_SDK_REQ_ACTIVITY+category:name:android.intent.category.DEFAULT
ADDED from src\main\AndroidManifest.xml:315:13-319:29
action#com.sina.weibo.sdk.action.ACTION_SDK_REQ_ACTIVITY
ADDED from src\main\AndroidManifest.xml:316:17-92
	android:name
		ADDED from src\main\AndroidManifest.xml:316:25-89